<?xml version="1.0" encoding="UTF-8"?>
<!-- Generated by org.testng.reporters.JUnitXMLReporter -->
<testsuite hostname="DESKTOP-QOG61BE" ignored="3" name="All Functionalities" tests="1" failures="0" timestamp="2022-06-06T16:48:26 CDT" time="13.586" errors="0">
  <testcase name="testSignInText" time="6.786" classname="scripts.CarsTest"/>
  <testcase name="testConnectWithSocial" time="0.0" classname="scripts.CarsTest">
    <ignored/>
  </testcase> <!-- testConnectWithSocial -->
  <testcase name="testSignInNegative" time="0.0" classname="scripts.CarsTest">
    <ignored/>
  </testcase> <!-- testSignInNegative -->
  <testcase name="testSignIn" time="0.0" classname="scripts.CarsTest">
    <ignored/>
  </testcase> <!-- testSignIn -->
</testsuite> <!-- All Functionalities -->
