<?xml version="1.0" encoding="UTF-8"?>
<!-- Generated by org.testng.reporters.JUnitXMLReporter -->
<testsuite hostname="DESKTOP-QOG61BE" ignored="1" name="Critical Functionalities" tests="3" failures="0" timestamp="2022-06-06T16:47:55 CDT" time="43.179" errors="0">
  <testcase name="testSignIn" time="6.195" classname="scripts.CarsTest"/>
  <testcase name="testConnectWithSocial" time="6.963" classname="scripts.CarsTest"/>
  <testcase name="testSignInNegative" time="12.374" classname="scripts.CarsTest"/>
  <testcase name="testSignInText" time="0.0" classname="scripts.CarsTest">
    <ignored/>
  </testcase> <!-- testSignInText -->
</testsuite> <!-- Critical Functionalities -->
