<?xml version="1.0" encoding="UTF-8"?>
<testng-results skipped="0" failed="0" ignored="3" total="4" passed="1">
  <reporter-output>
  </reporter-output>
  <suite name="Regression" duration-ms="13586" started-at="2022-06-06T16:48:13 CDT" finished-at="2022-06-06T16:48:26 CDT">
    <groups>
    </groups>
    <test name="All Functionalities" duration-ms="13586" started-at="2022-06-06T16:48:13 CDT" finished-at="2022-06-06T16:48:26 CDT">
      <class name="scripts.CarsTest">
        <test-method status="PASS" signature="setup()[pri:0, instance:scripts.CarsTest@204f30ec]" name="setup" is-config="true" duration-ms="2648" started-at="2022-06-06T16:48:13 CDT" finished-at="2022-06-06T16:48:15 CDT">
          <reporter-output>
          </reporter-output>
        </test-method> <!-- setup -->
        <test-method status="PASS" signature="testSignInText()[pri:2, instance:scripts.CarsTest@204f30ec]" name="testSignInText" duration-ms="6786" started-at="2022-06-06T16:48:15 CDT" description="TC1" finished-at="2022-06-06T16:48:22 CDT">
          <reporter-output>
          </reporter-output>
        </test-method> <!-- testSignInText -->
        <test-method status="PASS" signature="teardown()[pri:0, instance:scripts.CarsTest@204f30ec]" name="teardown" is-config="true" duration-ms="4108" started-at="2022-06-06T16:48:22 CDT" finished-at="2022-06-06T16:48:26 CDT">
          <reporter-output>
          </reporter-output>
        </test-method> <!-- teardown -->
      </class> <!-- scripts.CarsTest -->
    </test> <!-- All Functionalities -->
  </suite> <!-- Regression -->
</testng-results>
